1644479729518	geckodriver	INFO	Listening on 127.0.0.1:52290
1644479732620	mozrunner::runner	INFO	Running command: "C:\\Program Files\\Mozilla Firefox\\firefox.exe" "--marionette" "--remote-debugging-port" "52291" "-no-remote" "-profile" "C:\\Users\\JAGADI~1\\AppData\\Local\\Temp\\rust_mozprofileoo9lJg"
1644479733109	Marionette	INFO	Marionette enabled
console.warn: SearchSettings: "get: No settings file exists, new profile?" (new NotFoundError("Could not open the file at C:\\Users\\JagadishG\\AppData\\Local\\Temp\\rust_mozprofileoo9lJg\\search.json.mozlz4", (void 0)))
DevTools listening on ws://localhost:52291/devtools/browser/96bf00a3-efec-4e7a-bae4-9b2c36ebe634
1644479735112	Marionette	INFO	Listening on port 52297
1644479735307	RemoteAgent	WARN	TLS certificate errors will be ignored for this session
console.warn: LoginRecipes: "getRecipes: falling back to a synchronous message for:" "https://admin-demo.nopcommerce.com"
console.warn: LoginRecipes: "getRecipes: falling back to a synchronous message for:" "https://admin-demo.nopcommerce.com"
JavaScript error: resource://gre/modules/LoginManagerParent.jsm, line 136: TypeError: gRecipeManager is null
1644479740924	Marionette	WARN	TimedPromise timed out after 500 ms: stacktrace:
TimedPromise/<@chrome://remote/content/marionette/sync.js:235:19
TimedPromise@chrome://remote/content/marionette/sync.js:220:10
interaction.flushEventLoop@chrome://remote/content/marionette/interaction.js:431:10
webdriverClickElement@chrome://remote/content/marionette/interaction.js:179:31
send@https://admin-demo.nopcommerce.com/lib_npm/jquery/jquery.min.js?v=meexYto0mAKr6PjyeE37ROc-We8:2:82613
ajax@https://admin-demo.nopcommerce.com/lib_npm/jquery/jquery.min.js?v=meexYto0mAKr6PjyeE37ROc-We8:2:78223
n.ajax@https://admin-demo.nopcommerce.com/js/HomeIndex.Footer.scripts.js?v=p85S1lLwdXzndIrgTxy2jRef03c:86:4297
t@https://admin-demo.nopcommerce.com/js/HomeIndex.Footer.scripts.js?v=p85S1lLwdXzndIrgTxy2jRef03c:92:42174
initOnce@https://admin-demo.nopcommerce.com/js/HomeIndex.Footer.scripts.js?v=p85S1lLwdXzndIrgTxy2jRef03c:92:42576
init@https://admin-demo.nopcommerce.com/js/HomeIndex.Footer.scripts.js?v=p85S1lLwdXzndIrgTxy2jRef03c:92:43224
@https://admin-demo.nopcommerce.com/admin/:2518:46
e@https://admin-demo.nopcommerce.com/lib_npm/jquery/jquery.min.js?v=meexYto0mAKr6PjyeE37ROc-We8:2:30005
Deferred/then/l/</t<@https://admin-demo.nopcommerce.com/lib_npm/jquery/jquery.min.js?v=meexYto0mAKr6PjyeE37ROc-We8:2:30307
1644479769929	Marionette	INFO	Stopped listening on port 52297
console.warn: TopSitesFeed: Failed to fetch data from Contile server: NetworkError when attempting to fetch resource.
JavaScript error: chrome://remote/content/marionette/cert.js, line 55: NS_ERROR_NOT_AVAILABLE: Component returned failure code: 0x80040111 (NS_ERROR_NOT_AVAILABLE) [nsICertOverrideService.setDisableAllSecurityChecksAndLetAttackersInterceptMyData]

###!!! [Parent][PGPUParent] Error: RunMessage(msgname=PGPU::Msg_ShutdownVR) Channel closing: too late to send/recv, messages will be lost

)
DevTools listening on ws://localhost:52357/devtools/browser/ea30030d-dd87-4773-9082-bfeb5ba87753
1644479749501	Marionette	INFO	Listening on port 52363
1644479749594	RemoteAgent	WARN	TLS certificate errors will be ignored for this session
console.warn: LoginRecipes: "getRecipes: falling back to a synchronous message for:" "https://admin-demo.nopcommerce.com"
console.warn: LoginRecipes: "getRecipes: falling back to a synchronous message for:" "https://admin-demo.nopcommerce.com"
JavaScript error: resource://gre/modules/LoginManagerParent.jsm, line 136: TypeError: gRecipeManager is null
1644479754600	Marionette	INFO	Stopped listening on port 52363
JavaScript error: https://admin-demo.nopcommerce.com/lib_npm/jquery/jquery.min.js?v=meexYto0mAKr6PjyeE37ROc-We8, line 2: NS_ERROR_NOT_INITIALIZED: 

###!!! [Child][PContentChild] Error: RunMessage(msgname=PHttpChannel::Msg_DeleteSelf) Channel closing: too late to send/recv, messages will be lost


###!!! [Child][PContentChild] Error: RunMessage(msgname=PHttpChannel::Msg_DeleteSelf) Channel closing: too late to send/recv, messages will be lost


###!!! [Parent][PGPUParent] Error: RunMessage(msgname=PGPU::Msg_ShutdownVR) Channel closing: too late to send/recv, messages will be lost

