2022-02-01 20:24:31,866 - root - INFO - ************* Test_001_Login ***************
2022-02-01 20:24:31,866 - root - INFO - ************* Start home page ***************
2022-02-01 20:24:38,941 - root - INFO - ************* Home page passed ***************
2022-02-01 20:24:40,012 - root - INFO - ************* Login test verifying ***************
2022-02-01 20:24:48,823 - root - INFO - *************Login test passed***************
2022-02-02 10:43:56,537 - root - INFO - ************* Test_002_DDT_Login ***************
2022-02-02 10:43:56,538 - root - INFO - ************* Login DDT test verifying ***************
2022-02-02 10:44:08,084 - root - INFO - ***PASS***
2022-02-02 10:44:13,161 - root - INFO - ***Passed***
2022-02-02 10:49:58,223 - root - INFO - ************* Test_002_DDT_Login ***************
2022-02-02 10:49:58,223 - root - INFO - ************* Login DDT test verifying ***************
2022-02-02 10:50:09,882 - root - INFO - ***PASS***
2022-02-02 10:50:15,621 - root - INFO - ***Passed***
2022-02-02 10:50:18,970 - root - INFO - ***Passed***
2022-02-02 10:50:22,318 - root - INFO - ***Passed***
2022-02-02 10:50:22,318 - root - INFO - *******Login DDT test Passed ********
2022-02-02 10:50:22,392 - root - INFO - ****** End of login DDT test *****
2022-02-02 10:50:22,392 - root - INFO - ****Complete Login DDT_002 ******
2022-02-02 10:51:12,071 - root - INFO - ************* Test_002_DDT_Login ***************
2022-02-02 10:51:12,071 - root - INFO - ************* Login DDT test verifying ***************
2022-02-02 10:51:23,532 - root - INFO - ***PASS***
2022-02-02 10:51:29,519 - root - INFO - ***Passed***
2022-02-02 10:51:32,885 - root - INFO - ***Passed***
2022-02-02 10:51:36,248 - root - INFO - ***Passed***
2022-02-02 10:51:36,249 - root - INFO - *******Login DDT test Passed ********
2022-02-02 10:51:36,324 - root - INFO - ****** End of login DDT test *****
2022-02-02 10:51:36,325 - root - INFO - ****Complete Login DDT_002 ******
02/02/22 10:53:38 AM: INFO: ************* Test_001_Login ***************
02/02/22 10:53:38 AM: INFO: ************* Start home page ***************
02/02/22 10:53:41 AM: INFO: ************* Home page passed ***************
02/02/22 10:53:42 AM: INFO: ************* Login test verifying ***************
02/02/22 10:53:49 AM: INFO: *************Login test passed***************
2022-02-02 10:56:08,132 - root - INFO - ************* Test_002_DDT_Login ***************
2022-02-02 10:56:08,132 - root - INFO - ************* Login DDT test verifying ***************
2022-02-02 10:56:19,712 - root - INFO - ***PASS***
2022-02-02 10:56:25,005 - root - INFO - ***Passed***
2022-02-02 10:56:28,376 - root - INFO - ***Passed***
2022-02-02 10:56:31,733 - root - INFO - ***Passed***
2022-02-02 10:56:31,733 - root - INFO - *******Login DDT test Passed ********
2022-02-02 10:56:31,820 - root - INFO - ****** End of login DDT test *****
2022-02-02 10:56:31,821 - root - INFO - ****Complete Login DDT_002 ******
2022-02-02 11:02:22,252 - root - INFO - ************* Test_001_Login ***************
2022-02-02 11:02:22,253 - root - INFO - ************* Start home page ***************
2022-02-02 11:02:24,563 - root - INFO - ************* Home page passed ***************
2022-02-02 11:02:25,716 - root - INFO - ************* Login test verifying ***************
2022-02-02 11:02:34,020 - root - INFO - *************Login test passed***************
02/02/22 11:08:04 AM: INFO: ************* Test_001_Login ***************
02/02/22 11:08:04 AM: INFO: ************* Start home page ***************
02/02/22 11:08:06 AM: INFO: ************* Home page passed ***************
02/02/22 11:08:07 AM: INFO: ************* Login test verifying ***************
02/02/22 11:08:15 AM: INFO: *************Login test passed***************
2022-02-02 11:31:12,039 - root - INFO - ************* Test_001_Login ***************
2022-02-02 11:31:12,040 - root - INFO - ************* Start home page ***************
2022-02-02 11:31:18,185 - root - INFO - ************* Home page passed ***************
2022-02-02 11:31:19,319 - root - INFO - ************* Login test verifying ***************
2022-02-02 11:31:27,275 - root - INFO - *************Login test passed***************
02/02/22 11:34:34 AM: INFO: ************* Test_001_Login ***************
02/02/22 11:34:34 AM: INFO: ************* Start home page ***************
02/02/22 11:34:41 AM: INFO: ************* Home page passed ***************
02/02/22 11:34:42 AM: INFO: ************* Login test verifying ***************
02/02/22 11:34:49 AM: INFO: *************Login test passed***************
02/02/22 11:53:29 AM: INFO: ************* Test_001_Login ***************
02/02/22 11:53:29 AM: INFO: ************* Start home page ***************
02/02/22 11:53:35 AM: INFO: ************* Home page passed ***************
02/02/22 11:53:36 AM: INFO: ************* Login test verifying ***************
02/02/22 11:53:43 AM: INFO: *************Login test passed***************
02/02/22 11:57:22 AM: INFO: ************* Test_002_DDT_Login ***************
02/02/22 11:57:22 AM: INFO: ************* Login DDT test verifying ***************
02/02/22 11:57:32 AM: INFO: ***PASS***
02/02/22 11:57:38 AM: INFO: ***Passed***
02/02/22 11:57:41 AM: INFO: ***Passed***
02/02/22 11:57:44 AM: INFO: ***Passed***
02/02/22 11:57:44 AM: INFO: *******Login DDT test Passed ********
02/02/22 11:57:44 AM: INFO: ****** End of login DDT test *****
02/02/22 11:57:44 AM: INFO: ****Complete Login DDT_002 ******
02/03/22 10:31:39 AM: INFO: ************* Test_002_DDT_Login ***************
02/03/22 10:31:39 AM: INFO: ************* Login DDT test verifying ***************
02/03/22 10:31:52 AM: INFO: ***PASS***
02/03/22 10:31:57 AM: INFO: ***Passed***
02/03/22 10:32:00 AM: INFO: ***Passed***
02/03/22 10:32:03 AM: INFO: ***Passed***
02/03/22 10:32:03 AM: INFO: *******Login DDT test Passed ********
02/03/22 10:32:03 AM: INFO: ****** End of login DDT test *****
02/03/22 10:32:03 AM: INFO: ****Complete Login DDT_002 ******
02/03/22 10:41:11 AM: INFO: ************* Test_003_AddCustomer **********
02/03/22 10:41:18 AM: INFO: ************* Login succesful **********
02/03/22 10:41:18 AM: INFO: ******* Starting Add Customer Test **********
02/03/22 10:42:24 AM: INFO: ************* Test_003_AddCustomer **********
02/03/22 10:42:36 AM: INFO: ************* Login succesful **********
02/03/22 10:42:36 AM: INFO: ******* Starting Add Customer Test **********
02/03/22 11:55:55 AM: INFO: ************* Test_003_AddCustomer **********
02/03/22 11:56:03 AM: INFO: ************* Login succesful **********
02/03/22 11:56:03 AM: INFO: ******* Starting Add Customer Test **********
02/03/22 11:56:08 AM: INFO: ************* Providing customer info **********
02/03/22 11:56:20 AM: INFO: ************* Saving customer info **********
02/03/22 11:56:20 AM: INFO: ********* Add customer validation started *****************
02/03/22 11:56:21 AM: INFO: ********* Add customer Test Passed *********
02/03/22 11:56:21 AM: INFO: ******* Ending Add customer test **********
02/03/22 12:05:26 PM: INFO: ************* Test_003_AddCustomer **********
02/03/22 12:05:34 PM: INFO: ************* Login succesful **********
02/03/22 12:05:34 PM: INFO: ******* Starting Add Customer Test **********
02/03/22 12:05:42 PM: INFO: ************* Providing customer info **********
02/03/22 12:05:54 PM: INFO: ************* Saving customer info **********
02/03/22 12:05:54 PM: INFO: ********* Add customer validation started *****************
02/03/22 12:05:54 PM: INFO: ********* Add customer Test Passed *********
02/03/22 12:05:55 PM: INFO: ******* Ending Add customer test **********
02/03/22 12:13:43 PM: INFO: ************* Test_003_AddCustomer **********
02/03/22 12:13:50 PM: INFO: ************* Login succesful **********
02/03/22 12:13:50 PM: INFO: ******* Starting Add Customer Test **********
02/03/22 12:13:55 PM: INFO: ************* Providing customer info **********
02/03/22 12:14:06 PM: INFO: ************* Saving customer info **********
02/03/22 12:14:06 PM: INFO: ********* Add customer validation started *****************
02/03/22 12:14:07 PM: INFO: ********* Add customer Test Passed *********
02/03/22 12:14:07 PM: INFO: ******* Ending Add customer test **********
02/03/22 12:14:32 PM: INFO: ************* Test_003_AddCustomer **********
02/03/22 12:14:40 PM: INFO: ************* Login succesful **********
02/03/22 12:14:40 PM: INFO: ******* Starting Add Customer Test **********
02/03/22 12:14:46 PM: INFO: ************* Providing customer info **********
02/03/22 12:14:58 PM: INFO: ************* Saving customer info **********
02/03/22 12:14:58 PM: INFO: ********* Add customer validation started *****************
02/03/22 12:14:58 PM: INFO: ********* Add customer Test Passed *********
02/03/22 12:14:59 PM: INFO: ******* Ending Add customer test **********
02/03/22 12:20:42 PM: INFO: ************* SearchCustomerByEmail_004 **********
02/03/22 12:20:49 PM: INFO: ************* Login succesful **********
02/03/22 12:20:49 PM: INFO: ******* Starting Search Customer By Email **********
02/03/22 12:27:06 PM: INFO: ************* SearchCustomerByEmail_004 **********
02/03/22 12:27:13 PM: INFO: ************* Login succesful **********
02/03/22 12:27:13 PM: INFO: ******* Starting Search Customer By Email **********
02/03/22 12:32:23 PM: INFO: ************* Test_003_AddCustomer **********
02/03/22 12:32:30 PM: INFO: ************* Login succesful **********
02/03/22 12:32:30 PM: INFO: ******* Starting Add Customer Test **********
02/03/22 12:38:45 PM: INFO: ************* Test_003_AddCustomer **********
02/03/22 12:38:52 PM: INFO: ************* Login succesful **********
02/03/22 12:38:52 PM: INFO: ******* Starting Add Customer Test **********
02/03/22 12:42:02 PM: INFO: ************* Test_003_AddCustomer **********
02/03/22 12:42:09 PM: INFO: ************* Login succesful **********
02/03/22 12:42:09 PM: INFO: ******* Starting Add Customer Test **********
02/03/22 12:42:22 PM: INFO: ************* Providing customer info **********
02/03/22 12:42:33 PM: INFO: ************* Saving customer info **********
02/03/22 12:42:33 PM: INFO: ********* Add customer validation started *****************
02/03/22 12:42:34 PM: INFO: ********* Add customer Test Passed *********
02/03/22 12:42:34 PM: INFO: ******* Ending Add customer test **********
02/03/22 12:43:00 PM: INFO: ************* SearchCustomerByEmail_004 **********
02/03/22 12:43:07 PM: INFO: ************* Login succesful **********
02/03/22 12:43:07 PM: INFO: ******* Starting Search Customer By Email **********
02/03/22 12:45:00 PM: INFO: ************* SearchCustomerByEmail_004 **********
02/03/22 12:45:07 PM: INFO: ************* Login succesful **********
02/03/22 12:45:07 PM: INFO: ******* Starting Search Customer By Email **********
02/03/22 12:45:17 PM: INFO: ************* searching customer by emailID **********
02/03/22 12:45:22 PM: INFO: ***************  TC_SearchCustomerByEmail_004 Finished  *********** 
02/03/22 12:48:29 PM: INFO: ************* SearchCustomerByEmail_004 **********
02/03/22 12:48:38 PM: INFO: ************* Login succesful **********
02/03/22 12:48:38 PM: INFO: ******* Starting Search Customer By Email **********
02/03/22 12:48:45 PM: INFO: ************* searching customer by emailID **********
02/03/22 12:48:50 PM: INFO: ***************  TC_SearchCustomerByEmail_004 Finished  *********** 
02/03/22 01:22:00 PM: INFO: ************* SearchCustomerByName_005 **********
02/03/22 01:22:08 PM: INFO: ************* Login succesful **********
02/03/22 01:22:08 PM: INFO: ******* Starting Search Customer By Name **********
02/03/22 01:22:14 PM: INFO: ************* searching customer by Name **********
02/03/22 01:24:00 PM: INFO: ************* SearchCustomerByName_005 **********
02/03/22 01:24:08 PM: INFO: ************* Login succesful **********
02/03/22 01:24:08 PM: INFO: ******* Starting Search Customer By Name **********
02/03/22 01:24:14 PM: INFO: ************* searching customer by Name **********
02/03/22 01:28:47 PM: INFO: ************* SearchCustomerByName_005 **********
02/03/22 01:28:56 PM: INFO: ************* Login succesful **********
02/03/22 01:28:56 PM: INFO: ******* Starting Search Customer By Name **********
02/03/22 01:29:02 PM: INFO: ************* searching customer by Name **********
02/03/22 01:29:08 PM: INFO: ***************  TC_SearchCustomerByName_005 Finished  *********** 
02/07/22 10:16:35 AM: INFO: ************* SearchCustomerByName_005 **********
02/07/22 10:16:43 AM: INFO: ************* Login succesful **********
02/07/22 10:16:43 AM: INFO: ******* Starting Search Customer By Name **********
02/07/22 10:16:51 AM: INFO: ************* searching customer by Name **********
02/07/22 10:16:56 AM: INFO: ***************  TC_SearchCustomerByName_005 Finished  *********** 
02/07/22 10:30:29 AM: INFO: ************* Test_003_AddCustomer **********
02/07/22 10:30:38 AM: INFO: ************* Login succesful **********
02/07/22 10:30:38 AM: INFO: ******* Starting Add Customer Test **********
02/07/22 10:30:55 AM: INFO: ************* Providing customer info **********
02/07/22 10:31:09 AM: INFO: ************* Saving customer info **********
02/07/22 10:31:09 AM: INFO: ********* Add customer validation started *****************
02/07/22 10:31:10 AM: INFO: ********* Add customer Test Passed *********
02/07/22 10:31:10 AM: INFO: ******* Ending Add customer test **********
02/07/22 10:31:11 AM: INFO: ************* Login test verifying ***************
02/07/22 10:31:20 AM: INFO: *************Login test passed***************
02/08/22 06:10:20 PM: INFO: ************* Test_003_AddCustomer **********
02/08/22 06:10:28 PM: INFO: ************* Login succesful **********
02/08/22 06:10:28 PM: INFO: ******* Starting Add Customer Test **********
02/08/22 06:10:44 PM: INFO: ************* Providing customer info **********
02/08/22 06:10:58 PM: INFO: ************* Saving customer info **********
02/08/22 06:10:58 PM: INFO: ********* Add customer validation started *****************
02/08/22 06:10:59 PM: INFO: ********* Add customer Test Passed *********
02/08/22 06:10:59 PM: INFO: ******* Ending Add customer test **********
02/08/22 06:11:00 PM: INFO: ************* Login test verifying ***************
02/08/22 06:11:07 PM: INFO: *************Login test passed***************
02/08/22 06:42:47 PM: INFO: ************* Test_001_Login ***************
02/08/22 06:42:47 PM: INFO: ************* Start home page ***************
02/08/22 06:42:49 PM: INFO: ************* Home page passed ***************
02/08/22 06:42:49 PM: INFO: ************* Login test verifying ***************
02/08/22 06:42:56 PM: INFO: *************Login test passed***************
02/09/22 10:50:09 AM: INFO: ************* Test_001_Login ***************
02/09/22 10:50:09 AM: INFO: ************* Start home page ***************
02/09/22 10:50:09 AM: INFO: ************* Login test verifying ***************
02/09/22 10:50:12 AM: INFO: ************* Home page passed ***************
02/09/22 10:50:16 AM: INFO: *************Login test passed***************
02/09/22 10:51:58 AM: INFO: ************* Test_001_Login ***************
02/09/22 10:51:58 AM: INFO: ************* Start home page ***************
02/09/22 10:51:58 AM: INFO: ************* Login test verifying ***************
02/09/22 10:52:00 AM: INFO: ************* Home page passed ***************
02/09/22 10:52:05 AM: INFO: *************Login test passed***************
02/09/22 10:53:54 AM: INFO: ************* Test_001_Login ***************
02/09/22 10:53:54 AM: INFO: ************* Start home page ***************
02/09/22 10:53:56 AM: INFO: ************* Home page passed ***************
02/09/22 10:53:57 AM: INFO: ************* Login test verifying ***************
02/09/22 10:54:05 AM: INFO: *************Login test passed***************
02/09/22 10:57:03 AM: INFO: ************* Test_001_Login ***************
02/09/22 10:57:03 AM: INFO: ************* Start home page ***************
02/09/22 10:57:06 AM: INFO: ************* Home page passed ***************
02/09/22 10:57:07 AM: INFO: ************* Login test verifying ***************
02/09/22 10:57:15 AM: INFO: *************Login test passed***************
